{
  "0 debug pnpm:scope": {
    "selected": 1
  },
  "1 error pnpm": {
    "code": "ELIFECYCLE",
    "errno": "ENOENT",
    "syscall": "spawn",
    "file": "sh",
    "pkgid": "vitko_base@0.0.1",
    "stage": "dev",
    "script": "svelte-kit dev",
    "pkgname": "vitko_base",
    "err": {
      "name": "Error",
      "message": "vitko_base@0.0.1 dev: `svelte-kit dev`\nspawn ENOENT",
      "code": "ELIFECYCLE",
      "stack": "Error: vitko_base@0.0.1 dev: `svelte-kit dev`\nspawn ENOENT\n    at ChildProcess.<anonymous> (/usr/pnpm-global/5/node_modules/.pnpm/pnpm@6.6.2/node_modules/pnpm/dist/pnpm.cjs:93239:22)\n    at ChildProcess.emit (events.js:376:20)\n    at maybeClose (internal/child_process.js:1055:16)\n    at Process.ChildProcess._handle.onexit (internal/child_process.js:288:5)"
    }
  }
}